\BOOKMARK [-1][]{part.4}{\376\377\000D\000A\000O\000\040\001\020\036\330\000N\000G\000\040\000V\000\300\000\040\000S\000\323\000N\000G\000\040\001\020\000I\036\306\000N\000\040\000T\036\352}{}% 1
\BOOKMARK [0][]{mychapter.4.1}{\376\377\000M\036\241\000c\000h\000\040\000d\000a\000o\000\040\001\021\036\331\000n\000g}{part.4}% 2
\BOOKMARK [0][]{chapter.1}{\376\377\000C\036\245\000u\000\040\000t\036\241\000o\000\040\000v\000\340\000\040\000n\000g\000u\000y\000\352\000n\000\040\000t\036\257\000c\000\040\000c\036\347\000a\000\040\000m\036\241\000c\000h\000\040\000d\000a\000o\000\040\001\021\036\331\000n\000g}{part.4}% 3
\BOOKMARK [1][]{section.1.1}{\376\377\000L\000\375\000\040\000t\000h\000u\000y\036\277\000t}{chapter.1}% 4
\BOOKMARK [1][]{section.1.2}{\376\377\000M\036\345\000c\000\040\000t\000i\000\352\000u\000\040\000b\000\340\000i\000\040\000h\036\315\000c\000\040\000-\000\040\000V\000\355\000\040\000d\036\345\000\040\000m\000i\000n\000h\000\040\000h\036\315\000a}{chapter.1}% 5
\BOOKMARK [1][]{section.1.3}{\376\377\000B\000\340\000i\000\040\000t\036\255\000p\000\040\000t\036\361\000\040\000l\000u\000y\036\307\000n}{chapter.1}% 6
\BOOKMARK [0][]{chapter.2}{\376\377\000\040\000B\000\340\000i\000\040\000t\000o\000\341\000n\000\040\000t\001\260\001\241\000n\000g\000\040\000t\036\361\000\040\000d\000a\000o\000\040\001\021\036\331\000n\000g\000\040\000c\001\241}{part.4}% 7
\BOOKMARK [1][]{section.2.1}{\376\377\000L\000\375\000\040\000t\000h\000u\000y\036\277\000t}{chapter.2}% 8
\BOOKMARK [1][]{section.2.2}{\376\377\000M\036\345\000c\000\040\000t\000i\000\352\000u\000\040\000b\000\340\000i\000\040\000h\036\315\000c\000\040\000-\000\040\000V\000\355\000\040\000d\036\345\000\040\000m\000i\000n\000h\000\040\000h\036\315\000a}{chapter.2}% 9
\BOOKMARK [1][]{section.2.3}{\376\377\000B\000\340\000i\000\040\000t\036\255\000p\000\040\000t\036\361\000\040\000l\000u\000y\036\307\000n}{chapter.2}% 10
\BOOKMARK [0][]{chapter.3}{\376\377\000B\000\340\000i\000\040\000t\000o\000\341\000n\000\040\000g\000h\000\351\000p\000\040\000t\036\345\000\040\000-\000\040\000t\036\345\000\040\000x\000o\000a\000y}{part.4}% 11
\BOOKMARK [1][]{section.3.1}{\376\377\000L\000\375\000\040\000t\000h\000u\000y\036\277\000t}{chapter.3}% 12
\BOOKMARK [1][]{section.3.2}{\376\377\000M\036\345\000c\000\040\000t\000i\000\352\000u\000\040\000b\000\340\000i\000\040\000h\036\315\000c\000\040\000-\000\040\000V\000\355\000\040\000d\036\345\000\040\000m\000i\000n\000h\000\040\000h\036\315\000a}{chapter.3}% 13
\BOOKMARK [1][]{section.3.3}{\376\377\000B\000\340\000i\000\040\000t\036\255\000p\000\040\000t\036\361\000\040\000l\000u\000y\036\307\000n}{chapter.3}% 14
\BOOKMARK [0][]{mychapter.4.2}{\376\377\001\020\000i\036\307\000n\000\040\000t\036\353\000\040\000t\000r\001\260\036\335\000n\000g\000\040\000-\000\040\000S\000\363\000n\000g\000\040\001\021\000i\036\307\000n\000\040\000t\036\353\000\040\000-\000\040\000N\000g\000u\000y\000\352\000n\000\040\000t\036\257\000c\000\040\000t\000h\000\364\000n\000g\000\040\000t\000i\000n\000\040\000l\000i\000\352\000n\000\040\000l\036\241\000c\000\040\000b\036\261\000n\000g\000\040\000s\000\363\000n\000g\000\040\000v\000\364\000\040\000t\000u\000y\036\277\000n}{part.4}% 15
\BOOKMARK [0][]{chapter.4}{\376\377\001\020\000i\036\307\000n\000\040\000t\036\353\000\040\000t\000r\001\260\036\335\000n\000g}{part.4}% 16
\BOOKMARK [1][]{section.4.1}{\376\377\000L\000\375\000\040\000t\000h\000u\000y\036\277\000t}{chapter.4}% 17
\BOOKMARK [1][]{section.4.2}{\376\377\000B\000\340\000i\000\040\000t\036\255\000p\000\040\000t\036\361\000\040\000l\000u\000y\036\307\000n}{chapter.4}% 18
\BOOKMARK [0][]{chapter.5}{\376\377\000S\000\363\000n\000g\000\040\001\021\000i\036\307\000n\000\040\000t\036\353\000\040\000v\000\340\000\040\000t\000r\000u\000y\036\301\000n\000\040\000s\000\363\000n\000g\000\040\001\021\000i\036\307\000n\000\040\000t\036\353}{part.4}% 19
\BOOKMARK [1][]{section.5.1}{\376\377\000L\000\375\000\040\000t\000h\000u\000y\036\277\000t}{chapter.5}% 20
\BOOKMARK [1][]{section.5.2}{\376\377\000B\000\340\000i\000\040\000t\036\255\000p\000\040\000t\036\361\000\040\000l\000u\000y\036\307\000n}{chapter.5}% 21
\BOOKMARK [0][]{chapter.6}{\376\377\000N\000g\000u\000y\000\352\000n\000\040\000t\036\257\000c\000\040\000t\000h\000\364\000n\000g\000\040\000t\000i\000n\000\040\000l\000i\000\352\000n\000\040\000l\036\241\000c\000\040\000b\036\261\000n\000g\000\040\000s\000\363\000n\000g\000\040\000v\000\364\000\040\000t\000u\000y\036\277\000n}{part.4}% 22
\BOOKMARK [1][]{section.6.1}{\376\377\000L\000\375\000\040\000t\000h\000u\000y\036\277\000t}{chapter.6}% 23
\BOOKMARK [1][]{section.6.2}{\376\377\000B\000\340\000i\000\040\000t\036\255\000p\000\040\000t\036\361\000\040\000l\000u\000y\036\307\000n}{chapter.6}% 24
\BOOKMARK [0][]{chapter.7}{\376\377\000\324\000n\000\040\000t\036\255\000p\000:\000\040\000C\000h\001\260\001\241\000n\000g\000\040\000I\000V\000.\000\040\000D\000a\000o\000\040\001\021\036\331\000n\000g\000\040\000v\000\340\000\040\000s\000\363\000n\000g\000\040\001\021\000i\036\307\000n\000\040\000t\036\353}{part.4}% 25
\BOOKMARK [1][]{section.7.1}{\376\377\000L\000\375\000\040\000t\000h\000u\000y\036\277\000t\000:\000\040\001\020\000i\036\307\000n\000\040\000t\036\353\000\040\000t\000r\001\260\036\335\000n\000g}{chapter.7}% 26
\BOOKMARK [1][]{section.7.2}{\376\377\000L\000\375\000\040\000t\000h\000u\000y\036\277\000t\000:\000\040\000S\000\363\000n\000g\000\040\001\021\000i\036\307\000n\000\040\000t\036\353\000\040\000v\000\340\000\040\000t\000r\000u\000y\036\301\000n\000\040\000s\000\363\000n\000g\000\040\001\021\000i\036\307\000n\000\040\000t\036\353}{chapter.7}% 27
\BOOKMARK [1][]{section.7.3}{\376\377\000L\000\375\000\040\000t\000h\000u\000y\036\277\000t\000:\000\040\000N\000g\000u\000y\000\352\000n\000\040\000t\036\257\000c\000\040\000t\000h\000\364\000n\000g\000\040\000t\000i\000n\000\040\000l\000i\000\352\000n\000\040\000l\036\241\000c\000\040\000b\036\261\000n\000g\000\040\000s\000\363\000n\000g\000\040\000v\000\364\000\040\000t\000u\000y\036\277\000n}{chapter.7}% 28
\BOOKMARK [-1][]{part.5}{\376\377\000D\000\362\000n\000g\000\040\001\021\000i\036\307\000n\000\040\000k\000h\000\364\000n\000g\000\040\001\021\036\325\000i}{}% 29
\BOOKMARK [0][]{mychapter.5.1}{\376\377\000D\000\362\000n\000g\000\040\001\021\000i\036\307\000n\000.\000\040\000C\001\260\036\335\000n\000g\000\040\001\021\036\331\000\040\000d\000\362\000n\000g\000\040\001\021\000i\036\307\000n}{part.5}% 30
\BOOKMARK [0][]{mychapter.5.2}{\376\377\001\020\000i\036\307\000n\000\040\000t\000r\036\337\000.\000\040\001\020\036\313\000n\000h\000\040\000l\000u\036\255\000t\000\040\000O\000h\000m}{part.5}% 31
\BOOKMARK [0][]{mychapter.5.3}{\376\377\000N\000g\000u\036\323\000n\000\040\001\021\000i\036\307\000n}{part.5}% 32
\BOOKMARK [0][]{mychapter.5.4}{\376\377\000N\001\003\000n\000g\000\040\000l\001\260\036\343\000n\000g\000\040\001\021\000i\036\307\000n\000.\000\040\000C\000\364\000n\000g\000\040\000s\000u\036\245\000t\000\040\001\021\000i\036\307\000n}{part.5}% 33
\BOOKMARK [0][]{mychapter.5.5}{\376\377\000S\000\363\000n\000g\000\040\000d\036\353\000n\000g}{part.5}% 34
\BOOKMARK [0][]{mychapter.5.6}{\376\377\000B\000\340\000i\000\040\000t\036\255\000p\000\040\000v\036\301\000\040\000s\000\363\000n\000g}{part.5}% 35
\BOOKMARK [0][]{mychapter.5.7}{\376\377\000T\000h\000\355\000\040\000n\000g\000h\000i\036\307\000m\000\040\001\021\000o\000\040\000t\036\321\000c\000\040\001\021\036\331\000\040\000t\000r\000u\000y\036\301\000n\000\040\000\342\000m}{part.5}% 36
\BOOKMARK [0][]{mychapter.5.8}{\376\377\000\324\000n\000\040\000t\036\255\000p\000\040\000C\000h\001\260\001\241\000n\000g\000\040\0002}{part.5}% 37
