This is pdfTeX, Version 3.141592653-2.6-1.40.22 (TeX Live 2021/W32TeX) (preloaded format=pdflatex 2021.10.23)  21 NOV 2021 19:17
entering extended mode
 restricted \write18 enabled.
 %&-line parsing enabled.
**VN12-PH-39-L-022.1.tex
(./VN12-PH-39-L-022.1.tex
LaTeX2e <2020-10-01> patch level 4
L3 programming layer <2021-02-18>

! LaTeX Error: Missing \begin{document}.

See the LaTeX manual or LaTeX Companion for explanation.
Type  H <return>  for immediate help.
 ...                                              
                                                  
l.18 ...ªán v√† c√°c ƒë·ªãnh lu·∫≠t quang ƒëi·ªán}
                                                  
You're in trouble here.  Try typing  <return>  to proceed.
If that doesn't work, type  X <return>  to quit.


Overfull \hbox (20.0pt too wide) in paragraph at lines 18--18
[] 
 []

! Undefined control sequence.
\\chapter ...ge}[t]{\linewidth } \includegraphics 
                                                  [height=1cm]{hdht-logo.png...
l.18 ...ªán v√† c√°c ƒë·ªãnh lu·∫≠t quang ƒëi·ªán}
                                                  
The control sequence at the end of the top line
of your error message was never \def'ed. If you have
misspelled it (e.g., `\hobx'), type `I' and the correct
spelling (e.g., `I\hbox'). Otherwise just continue,
and I'll forget about whatever was undefined.

Missing character: There is no [ in font nullfont!
Missing character: There is no h in font nullfont!
Missing character: There is no e in font nullfont!
Missing character: There is no i in font nullfont!
Missing character: There is no g in font nullfont!
Missing character: There is no h in font nullfont!
Missing character: There is no t in font nullfont!
Missing character: There is no = in font nullfont!
Missing character: There is no 1 in font nullfont!
Missing character: There is no c in font nullfont!
Missing character: There is no m in font nullfont!
Missing character: There is no ] in font nullfont!
Missing character: There is no h in font nullfont!
Missing character: There is no d in font nullfont!
Missing character: There is no h in font nullfont!
Missing character: There is no t in font nullfont!
Missing character: There is no - in font nullfont!
Missing character: There is no l in font nullfont!
Missing character: There is no o in font nullfont!
Missing character: There is no g in font nullfont!
Missing character: There is no o in font nullfont!
Missing character: There is no . in font nullfont!
Missing character: There is no p in font nullfont!
Missing character: There is no n in font nullfont!
Missing character: There is no g in font nullfont!
! Undefined control sequence.
\\chapter ...ace {0pt} \sffamily \bfseries \large 
                                                  B√†i 30. Hi·ªán t∆∞·ª£ng q...
l.18 ...ªán v√† c√°c ƒë·ªãnh lu·∫≠t quang ƒëi·ªán}
                                                  
The control sequence at the end of the top line
of your error message was never \def'ed. If you have
misspelled it (e.g., `\hobx'), type `I' and the correct
spelling (e.g., `I\hbox'). Otherwise just continue,
and I'll forget about whatever was undefined.


! Package inputenc Error: Unicode character ·ªá (U+1EC7)
(inputenc)                not set up for use with LaTeX.

See the inputenc package documentation for explanation.
Type  H <return>  for immediate help.
 ...                                              
                                                  
l.18 ...ªán v√† c√°c ƒë·ªãnh lu·∫≠t quang ƒëi·ªán}
                                                  
You may provide a definition with
\DeclareUnicodeCharacter 


! Package inputenc Error: Unicode character ∆∞ (U+01B0)
(inputenc)                not set up for use with LaTeX.

See the inputenc package documentation for explanation.
Type  H <return>  for immediate help.
 ...                                              
                                                  
l.18 ...ªán v√† c√°c ƒë·ªãnh lu·∫≠t quang ƒëi·ªán}
                                                  
You may provide a definition with
\DeclareUnicodeCharacter 


! Package inputenc Error: Unicode character ·ª£ (U+1EE3)
(inputenc)                not set up for use with LaTeX.

See the inputenc package documentation for explanation.
Type  H <return>  for immediate help.
 ...                                              
                                                  
l.18 ...ªán v√† c√°c ƒë·ªãnh lu·∫≠t quang ƒëi·ªán}
                                                  
You may provide a definition with
\DeclareUnicodeCharacter 


! LaTeX Error: Command \dj unavailable in encoding OT1.

See the LaTeX manual or LaTeX Companion for explanation.
Type  H <return>  for immediate help.
 ...                                              
                                                  
l.18 ...ªán v√† c√°c ƒë·ªãnh lu·∫≠t quang ƒëi·ªán}
                                                  
Your command was ignored.
Type  I <command> <return>  to replace it with another command,
or  <return>  to continue without it.


! Package inputenc Error: Unicode character ·ªá (U+1EC7)
(inputenc)                not set up for use with LaTeX.

See the inputenc package documentation for explanation.
Type  H <return>  for immediate help.
 ...                                              
                                                  
l.18 ...ªán v√† c√°c ƒë·ªãnh lu·∫≠t quang ƒëi·ªán}
                                                  
You may provide a definition with
\DeclareUnicodeCharacter 


! Package inputenc Error: Unicode character ·∫ø (U+1EBF)
(inputenc)                not set up for use with LaTeX.

See the inputenc package documentation for explanation.
Type  H <return>  for immediate help.
 ...                                              
                                                  
l.18 ...ªán v√† c√°c ƒë·ªãnh lu·∫≠t quang ƒëi·ªán}
                                                  
You may provide a definition with
\DeclareUnicodeCharacter 


! Package inputenc Error: Unicode character ∆∞ (U+01B0)
(inputenc)                not set up for use with LaTeX.

See the inputenc package documentation for explanation.
Type  H <return>  for immediate help.
 ...                                              
                                                  
l.18 ...ªán v√† c√°c ƒë·ªãnh lu·∫≠t quang ƒëi·ªán}
                                                  
You may provide a definition with
\DeclareUnicodeCharacter 


! Package inputenc Error: Unicode character ·ª£ (U+1EE3)
(inputenc)                not set up for use with LaTeX.

See the inputenc package documentation for explanation.
Type  H <return>  for immediate help.
 ...                                              
                                                  
l.18 ...ªán v√† c√°c ƒë·ªãnh lu·∫≠t quang ƒëi·ªán}
                                                  
You may provide a definition with
\DeclareUnicodeCharacter 


! Package inputenc Error: Unicode character ·ª≠ (U+1EED)
(inputenc)                not set up for use with LaTeX.

See the inputenc package documentation for explanation.
Type  H <return>  for immediate help.
 ...                                              
                                                  
l.18 ...ªán v√† c√°c ƒë·ªãnh lu·∫≠t quang ƒëi·ªán}
                                                  
You may provide a definition with
\DeclareUnicodeCharacter 


Overfull \hbox (15.13896pt too wide) in paragraph at lines 18--18
\OT1/cmss/bx/n/10 B^^Rai
 []


Overfull \hbox (14.05563pt too wide) in paragraph at lines 18--18
\OT1/cmss/bx/n/10 30.
 []


Overfull \hbox (16.11118pt too wide) in paragraph at lines 18--18
\OT1/cmss/bx/n/10 Hin
 []


Overfull \hbox (15.15285pt too wide) in paragraph at lines 18--18
\OT1/cmss/bx/n/10 tng
 []


Overfull \hbox (27.58345pt too wide) in paragraph at lines 18--18
\OT1/cmss/bx/n/10 quang
 []


Overfull \hbox (11.22226pt too wide) in paragraph at lines 18--18
\OT1/cmss/bx/n/10 in.
 []


Overfull \hbox (27.59734pt too wide) in paragraph at lines 18--18
\OT1/cmss/bx/n/10 Thuyt
 []


Overfull \hbox (13.66672pt too wide) in paragraph at lines 18--18
\OT1/cmss/bx/n/10 lng
 []


Overfull \hbox (4.04169pt too wide) in paragraph at lines 18--18
\OT1/cmss/bx/n/10 t
 []


Overfull \hbox (16.47229pt too wide) in paragraph at lines 18--18
\OT1/cmss/bx/n/10 ^^Sanh
 []


Overfull \hbox (20.57788pt too wide) in paragraph at lines 18--18
\OT1/cmss/bx/n/10 s^^Sang 
 []

! Undefined control sequence.
\\chapter ... √°nh s√°ng \begin {flushleft} \huge 
                                                  \bfseries #1 \end {flushle...
l.18 ...ªán v√† c√°c ƒë·ªãnh lu·∫≠t quang ƒëi·ªán}
                                                  
The control sequence at the end of the top line
of your error message was never \def'ed. If you have
misspelled it (e.g., `\hobx'), type `I' and the correct
spelling (e.g., `I\hbox'). Otherwise just continue,
and I'll forget about whatever was undefined.


! Package inputenc Error: Unicode character ·ªá (U+1EC7)
(inputenc)                not set up for use with LaTeX.

See the inputenc package documentation for explanation.
Type  H <return>  for immediate help.
 ...                                              
                                                  
l.18 ...ªán v√† c√°c ƒë·ªãnh lu·∫≠t quang ƒëi·ªán}
                                                  
You may provide a definition with
\DeclareUnicodeCharacter 


! Package inputenc Error: Unicode character ∆∞ (U+01B0)
(inputenc)                not set up for use with LaTeX.

See the inputenc package documentation for explanation.
Type  H <return>  for immediate help.
 ...                                              
                                                  
l.18 ...ªán v√† c√°c ƒë·ªãnh lu·∫≠t quang ƒëi·ªán}
                                                  
You may provide a definition with
\DeclareUnicodeCharacter 


! Package inputenc Error: Unicode character ·ª£ (U+1EE3)
(inputenc)                not set up for use with LaTeX.

See the inputenc package documentation for explanation.
Type  H <return>  for immediate help.
 ...                                              
                                                  
l.18 ...ªán v√† c√°c ƒë·ªãnh lu·∫≠t quang ƒëi·ªán}
                                                  
You may provide a definition with
\DeclareUnicodeCharacter 


! LaTeX Error: Command \dj unavailable in encoding OT1.

See the LaTeX manual or LaTeX Companion for explanation.
Type  H <return>  for immediate help.
 ...                                              
                                                  
l.18 ...ªán v√† c√°c ƒë·ªãnh lu·∫≠t quang ƒëi·ªán}
                                                  
Your command was ignored.
Type  I <command> <return>  to replace it with another command,
or  <return>  to continue without it.


! Package inputenc Error: Unicode character ·ªá (U+1EC7)
(inputenc)                not set up for use with LaTeX.

See the inputenc package documentation for explanation.
Type  H <return>  for immediate help.
 ...                                              
                                                  
l.18 ...ªán v√† c√°c ƒë·ªãnh lu·∫≠t quang ƒëi·ªán}
                                                  
You may provide a definition with
\DeclareUnicodeCharacter 


! LaTeX Error: Command \dj unavailable in encoding OT1.

See the LaTeX manual or LaTeX Companion for explanation.
Type  H <return>  for immediate help.
 ...                                              
                                                  
l.18 ...ªán v√† c√°c ƒë·ªãnh lu·∫≠t quang ƒëi·ªán}
                                                  
Your command was ignored.
Type  I <command> <return>  to replace it with another command,
or  <return>  to continue without it.


! Package inputenc Error: Unicode character ·ªã (U+1ECB)
(inputenc)                not set up for use with LaTeX.

See the inputenc package documentation for explanation.
Type  H <return>  for immediate help.
 ...                                              
                                                  
l.18 ...ªán v√† c√°c ƒë·ªãnh lu·∫≠t quang ƒëi·ªán}
                                                  
You may provide a definition with
\DeclareUnicodeCharacter 


! Package inputenc Error: Unicode character ·∫≠ (U+1EAD)
(inputenc)                not set up for use with LaTeX.

See the inputenc package documentation for explanation.
Type  H <return>  for immediate help.
 ...                                              
                                                  
l.18 ...ªán v√† c√°c ƒë·ªãnh lu·∫≠t quang ƒëi·ªán}
                                                  
You may provide a definition with
\DeclareUnicodeCharacter 


! LaTeX Error: Command \dj unavailable in encoding OT1.

See the LaTeX manual or LaTeX Companion for explanation.
Type  H <return>  for immediate help.
 ...                                              
                                                  
l.18 ...ªán v√† c√°c ƒë·ªãnh lu·∫≠t quang ƒëi·ªán}
                                                  
Your command was ignored.
Type  I <command> <return>  to replace it with another command,
or  <return>  to continue without it.


! Package inputenc Error: Unicode character ·ªá (U+1EC7)
(inputenc)                not set up for use with LaTeX.

See the inputenc package documentation for explanation.
Type  H <return>  for immediate help.
 ...                                              
                                                  
l.18 ...ªán v√† c√°c ƒë·ªãnh lu·∫≠t quang ƒëi·ªán}
                                                  
You may provide a definition with
\DeclareUnicodeCharacter 


Overfull \hbox (16.11118pt too wide) in paragraph at lines 18--18
\OT1/cmss/bx/n/10 Hin 
 []


Overfull \hbox (15.15285pt too wide) in paragraph at lines 18--18
\OT1/cmss/bx/n/10 tng 
 []


Overfull \hbox (27.58345pt too wide) in paragraph at lines 18--18
\OT1/cmss/bx/n/10 quang 
 []


Overfull \hbox (8.16669pt too wide) in paragraph at lines 18--18
\OT1/cmss/bx/n/10 in 
 []


Overfull \hbox (10.25005pt too wide) in paragraph at lines 18--18
\OT1/cmss/bx/n/10 v^^Ra 
 []


Overfull \hbox (15.02786pt too wide) in paragraph at lines 18--18
\OT1/cmss/bx/n/10 c^^Sac 
 []


Overfull \hbox (11.22226pt too wide) in paragraph at lines 18--18
\OT1/cmss/bx/n/10 nh 
 []


Overfull \hbox (12.20837pt too wide) in paragraph at lines 18--18
\OT1/cmss/bx/n/10 lut 
 []


Overfull \hbox (27.58345pt too wide) in paragraph at lines 18--18
\OT1/cmss/bx/n/10 quang 
 []


Overfull \hbox (8.16669pt too wide) in paragraph at lines 18--18
\OT1/cmss/bx/n/10 in  
 []


! LaTeX Error: The font size command \normalsize is not defined:
               there is probably something wrong with the class file.

See the LaTeX manual or LaTeX Companion for explanation.
Type  H <return>  for immediate help.
 ...                                              
                                                  
l.18 ...ªán v√† c√°c ƒë·ªãnh lu·∫≠t quang ƒëi·ªán}
                                                  
Your command was ignored.
Type  I <command> <return>  to replace it with another command,
or  <return>  to continue without it.

! Undefined control sequence.
l.20 \section
             {L√Ω thuy·∫øt}
The control sequence at the end of the top line
of your error message was never \def'ed. If you have
misspelled it (e.g., `\hobx'), type `I' and the correct
spelling (e.g., `I\hbox'). Otherwise just continue,
and I'll forget about whatever was undefined.


! Package inputenc Error: Unicode character ·∫ø (U+1EBF)
(inputenc)                not set up for use with LaTeX.

See the inputenc package documentation for explanation.
Type  H <return>  for immediate help.
 ...                                              
                                                  
l.20 \section{L√Ω thuy·∫ø
                         t}
You may provide a definition with
\DeclareUnicodeCharacter 


Overfull \hbox (31.52782pt too wide) in paragraph at lines 20--21
[]\OT1/cmr/m/n/10 L^^Sy
 []


Overfull \hbox (23.88896pt too wide) in paragraph at lines 20--21
\OT1/cmr/m/n/10 thuyt 
 []

! Undefined control sequence.
l.22 \subsection
                {ƒê·ªãnh nghƒ©a hi·ªán t∆∞·ª£ng quang ƒëi·ªán}
The control sequence at the end of the top line
of your error message was never \def'ed. If you have
misspelled it (e.g., `\hobx'), type `I' and the correct
spelling (e.g., `I\hbox'). Otherwise just continue,
and I'll forget about whatever was undefined.


! LaTeX Error: Command \DJ unavailable in encoding OT1.

See the LaTeX manual or LaTeX Companion for explanation.
Type  H <return>  for immediate help.
 ...                                              
                                                  
l.22 \subsection{ƒê
                   ·ªãnh nghƒ©a hi·ªán t∆∞·ª£ng quang ƒëi·ªán}
Your command was ignored.
Type  I <command> <return>  to replace it with another command,
or  <return>  to continue without it.


! Package inputenc Error: Unicode character ·ªã (U+1ECB)
(inputenc)                not set up for use with LaTeX.

See the inputenc package documentation for explanation.
Type  H <return>  for immediate help.
 ...                                              
                                                  
l.22 \subsection{ƒê·ªã
                      nh nghƒ©a hi·ªán t∆∞·ª£ng quang ƒëi·ªán}
You may provide a definition with
\DeclareUnicodeCharacter 


! Package inputenc Error: Unicode character ·ªá (U+1EC7)
(inputenc)                not set up for use with LaTeX.

See the inputenc package documentation for explanation.
Type  H <return>  for immediate help.
 ...                                              
                                                  
l.22 \subsection{ƒê·ªãnh nghƒ©a hi·ªá
                                     n t∆∞·ª£ng quang ƒëi·ªán}
You may provide a definition with
\DeclareUnicodeCharacter 


! Package inputenc Error: Unicode character ∆∞ (U+01B0)
(inputenc)                not set up for use with LaTeX.

See the inputenc package documentation for explanation.
Type  H <return>  for immediate help.
 ...                                              
                                                  
l.22 \subsection{ƒê·ªãnh nghƒ©a hi·ªán t∆∞
                                          ·ª£ng quang ƒëi·ªán}
You may provide a definition with
\DeclareUnicodeCharacter 


! Package inputenc Error: Unicode character ·ª£ (U+1EE3)
(inputenc)                not set up for use with LaTeX.

See the inputenc package documentation for explanation.
Type  H <return>  for immediate help.
 ...                                              
                                                  
l.22 \subsection{ƒê·ªãnh nghƒ©a hi·ªán t∆∞·ª£
                                             ng quang ƒëi·ªán}
You may provide a definition with
\DeclareUnicodeCharacter 


! LaTeX Error: Command \dj unavailable in encoding OT1.

See the LaTeX manual or LaTeX Companion for explanation.
Type  H <return>  for immediate help.
 ...                                              
                                                  
l.22 ...on{ƒê·ªãnh nghƒ©a hi·ªán t∆∞·ª£ng quang ƒë
                                                  i·ªán}
Your command was ignored.
Type  I <command> <return>  to replace it with another command,
or  <return>  to continue without it.


! Package inputenc Error: Unicode character ·ªá (U+1EC7)
(inputenc)                not set up for use with LaTeX.

See the inputenc package documentation for explanation.
Type  H <return>  for immediate help.
 ...                                              
                                                  
l.22 ...ê·ªãnh nghƒ©a hi·ªán t∆∞·ª£ng quang ƒëi·ªá
                                                  n}
You may provide a definition with
\DeclareUnicodeCharacter 


! Package inputenc Error: Unicode character ·ªá (U+1EC7)
(inputenc)                not set up for use with LaTeX.

See the inputenc package documentation for explanation.
Type  H <return>  for immediate help.
 ...                                              
                                                  
l.23 Hi·ªá
          n t∆∞·ª£ng √°nh s√°ng l√†m b·∫≠t c√°c electron ra kh·ªèi m·∫∑t kim...

You may provide a definition with
\DeclareUnicodeCharacter 


! Package inputenc Error: Unicode character ∆∞ (U+01B0)
(inputenc)                not set up for use with LaTeX.

See the inputenc package documentation for explanation.
Type  H <return>  for immediate help.
 ...                                              
                                                  
l.23 Hi·ªán t∆∞
               ·ª£ng √°nh s√°ng l√†m b·∫≠t c√°c electron ra kh·ªèi m·∫∑t kim...

You may provide a definition with
\DeclareUnicodeCharacter 


! Package inputenc Error: Unicode character ·ª£ (U+1EE3)
(inputenc)                not set up for use with LaTeX.

See the inputenc package documentation for explanation.
Type  H <return>  for immediate help.
 ...                                              
                                                  
l.23 Hi·ªán t∆∞·ª£
                  ng √°nh s√°ng l√†m b·∫≠t c√°c electron ra kh·ªèi m·∫∑t kim...

You may provide a definition with
\DeclareUnicodeCharacter 


! Package inputenc Error: Unicode character ·∫≠ (U+1EAD)
(inputenc)                not set up for use with LaTeX.

See the inputenc package documentation for explanation.
Type  H <return>  for immediate help.
 ...                                              
                                                  
l.23 Hi·ªán t∆∞·ª£ng √°nh s√°ng l√†m b·∫≠
                                         t c√°c electron ra kh·ªèi m·∫∑t kim...

You may provide a definition with
\DeclareUnicodeCharacter 


! Package inputenc Error: Unicode character ·ªè (U+1ECF)
(inputenc)                not set up for use with LaTeX.

See the inputenc package documentation for explanation.
Type  H <return>  for immediate help.
 ...                                              
                                                  
l.23 ...nh s√°ng l√†m b·∫≠t c√°c electron ra kh·ªè
                                                  i m·∫∑t kim lo·∫°i g·ªçi l...

You may provide a definition with
\DeclareUnicodeCharacter 


! Package inputenc Error: Unicode character ·∫∑ (U+1EB7)
(inputenc)                not set up for use with LaTeX.

See the inputenc package documentation for explanation.
Type  H <return>  for immediate help.
 ...                                              
                                                  
l.23 ...ng l√†m b·∫≠t c√°c electron ra kh·ªèi m·∫∑
                                                  t kim lo·∫°i g·ªçi l√† hi·...

You may provide a definition with
\DeclareUnicodeCharacter 


! Package inputenc Error: Unicode character ·∫° (U+1EA1)
(inputenc)                not set up for use with LaTeX.

See the inputenc package documentation for explanation.
Type  H <return>  for immediate help.
 ...                                              
                                                  
l.23 ...≠t c√°c electron ra kh·ªèi m·∫∑t kim lo·∫°
                                                  i g·ªçi l√† hi·ªán t∆∞·ª£n...

You may provide a definition with
\DeclareUnicodeCharacter 


! Package inputenc Error: Unicode character ·ªç (U+1ECD)
(inputenc)                not set up for use with LaTeX.

See the inputenc package documentation for explanation.
Type  H <return>  for immediate help.
 ...                                              
                                                  
l.23 ...c electron ra kh·ªèi m·∫∑t kim lo·∫°i g·ªç
                                                  i l√† hi·ªán t∆∞·ª£ng quan...

You may provide a definition with
\DeclareUnicodeCharacter 


! Package inputenc Error: Unicode character ·ªá (U+1EC7)
(inputenc)                not set up for use with LaTeX.

See the inputenc package documentation for explanation.
Type  H <return>  for immediate help.
 ...                                              
                                                  
l.23 ...ra kh·ªèi m·∫∑t kim lo·∫°i g·ªçi l√† hi·ªá
                                                  n t∆∞·ª£ng quang ƒëi·ªán.
You may provide a definition with
\DeclareUnicodeCharacter 


! Package inputenc Error: Unicode character ∆∞ (U+01B0)
(inputenc)                not set up for use with LaTeX.

See the inputenc package documentation for explanation.
Type  H <return>  for immediate help.
 ...                                              
                                                  
l.23 ...·ªèi m·∫∑t kim lo·∫°i g·ªçi l√† hi·ªán t∆∞
                                                  ·ª£ng quang ƒëi·ªán.
You may provide a definition with
\DeclareUnicodeCharacter 


! Package inputenc Error: Unicode character ·ª£ (U+1EE3)
(inputenc)                not set up for use with LaTeX.

See the inputenc package documentation for explanation.
Type  H <return>  for immediate help.
 ...                                              
                                                  
l.23 ...i m·∫∑t kim lo·∫°i g·ªçi l√† hi·ªán t∆∞·ª£
                                                  ng quang ƒëi·ªán.
You may provide a definition with
\DeclareUnicodeCharacter 


! LaTeX Error: Command \dj unavailable in encoding OT1.

See the LaTeX manual or LaTeX Companion for explanation.
Type  H <return>  for immediate help.
 ...                                              
                                                  
l.23 ... lo·∫°i g·ªçi l√† hi·ªán t∆∞·ª£ng quang ƒë
                                                  i·ªán.
Your command was ignored.
Type  I <command> <return>  to replace it with another command,
or  <return>  to continue without it.


! Package inputenc Error: Unicode character ·ªá (U+1EC7)
(inputenc)                not set up for use with LaTeX.

See the inputenc package documentation for explanation.
Type  H <return>  for immediate help.
 ...                                              
                                                  
l.23 ...∫°i g·ªçi l√† hi·ªán t∆∞·ª£ng quang ƒëi·ªá
                                                  n.
You may provide a definition with
\DeclareUnicodeCharacter 

! Undefined control sequence.
l.25 \luuy
          {``Hi·ªán t∆∞·ª£ng quang ƒëi·ªán'' ƒë∆∞·ª£c hi·ªÉu l√† ``hi·ªán t∆...
The control sequence at the end of the top line
of your error message was never \def'ed. If you have
misspelled it (e.g., `\hobx'), type `I' and the correct
spelling (e.g., `I\hbox'). Otherwise just continue,
and I'll forget about whatever was undefined.


! Package inputenc Error: Unicode character ·ªá (U+1EC7)
(inputenc)                not set up for use with LaTeX.

See the inputenc package documentation for explanation.
Type  H <return>  for immediate help.
 ...                                              
                                                  
l.25 \luuy{``Hi·ªá
                  n t∆∞·ª£ng quang ƒëi·ªán'' ƒë∆∞·ª£c hi·ªÉu l√† ``hi·ªán t∆...

You may provide a definition with
\DeclareUnicodeCharacter 


! Package inputenc Error: Unicode character ∆∞ (U+01B0)
(inputenc)                not set up for use with LaTeX.

See the inputenc package documentation for explanation.
Type  H <return>  for immediate help.
 ...                                              
                                                  
l.25 \luuy{``Hi·ªán t∆∞
                       ·ª£ng quang ƒëi·ªán'' ƒë∆∞·ª£c hi·ªÉu l√† ``hi·ªán t∆...

You may provide a definition with
\DeclareUnicodeCharacter 


! Package inputenc Error: Unicode character ·ª£ (U+1EE3)
(inputenc)                not set up for use with LaTeX.

See the inputenc package documentation for explanation.
Type  H <return>  for immediate help.
 ...                                              
                                                  
l.25 \luuy{``Hi·ªán t∆∞·ª£
                          ng quang ƒëi·ªán'' ƒë∆∞·ª£c hi·ªÉu l√† ``hi·ªán t∆...

You may provide a definition with
\DeclareUnicodeCharacter 


! LaTeX Error: Command \dj unavailable in encoding OT1.

See the LaTeX manual or LaTeX Companion for explanation.
Type  H <return>  for immediate help.
 ...                                              
                                                  
l.25 \luuy{``Hi·ªán t∆∞·ª£ng quang ƒë
                                     i·ªán'' ƒë∆∞·ª£c hi·ªÉu l√† ``hi·ªán t∆...

Your command was ignored.
Type  I <command> <return>  to replace it with another command,
or  <return>  to continue without it.


! Package inputenc Error: Unicode character ·ªá (U+1EC7)
(inputenc)                not set up for use with LaTeX.

See the inputenc package documentation for explanation.
Type  H <return>  for immediate help.
 ...                                              
                                                  
l.25 \luuy{``Hi·ªán t∆∞·ª£ng quang ƒëi·ªá
                                         n'' ƒë∆∞·ª£c hi·ªÉu l√† ``hi·ªán t∆...

You may provide a definition with
\DeclareUnicodeCharacter 


! LaTeX Error: Command \dj unavailable in encoding OT1.

See the LaTeX manual or LaTeX Companion for explanation.
Type  H <return>  for immediate help.
 ...                                              
                                                  
l.25 \luuy{``Hi·ªán t∆∞·ª£ng quang ƒëi·ªán'' ƒë
                                               ∆∞·ª£c hi·ªÉu l√† ``hi·ªán t∆...

Your command was ignored.
Type  I <command> <return>  to replace it with another command,
or  <return>  to continue without it.


! Package inputenc Error: Unicode character ∆∞ (U+01B0)
(inputenc)                not set up for use with LaTeX.

See the inputenc package documentation for explanation.
Type  H <return>  for immediate help.
 ...                                              
                                                  
l.25 \luuy{``Hi·ªán t∆∞·ª£ng quang ƒëi·ªán'' ƒë∆∞
                                                 ·ª£c hi·ªÉu l√† ``hi·ªán t∆...

You may provide a definition with
\DeclareUnicodeCharacter 


! Package inputenc Error: Unicode character ·ª£ (U+1EE3)
(inputenc)                not set up for use with LaTeX.

See the inputenc package documentation for explanation.
Type  H <return>  for immediate help.
 ...                                              
                                                  
l.25 ...{``Hi·ªán t∆∞·ª£ng quang ƒëi·ªán'' ƒë∆∞·ª£
                                                  c hi·ªÉu l√† ``hi·ªán t∆∞·...

You may provide a definition with
\DeclareUnicodeCharacter 


! Package inputenc Error: Unicode character ·ªÉ (U+1EC3)
(inputenc)                not set up for use with LaTeX.

See the inputenc package documentation for explanation.
Type  H <return>  for immediate help.
 ...                                              
                                                  
l.25 ...án t∆∞·ª£ng quang ƒëi·ªán'' ƒë∆∞·ª£c hi·ªÉ
                                                  u l√† ``hi·ªán t∆∞·ª£ng qu...

You may provide a definition with
\DeclareUnicodeCharacter 


! Package inputenc Error: Unicode character ·ªá (U+1EC7)
(inputenc)                not set up for use with LaTeX.

See the inputenc package documentation for explanation.
Type  H <return>  for immediate help.
 ...                                              
                                                  
l.25 ...uang ƒëi·ªán'' ƒë∆∞·ª£c hi·ªÉu l√† ``hi·ªá
                                                  n t∆∞·ª£ng quang ƒëi·ªán n...

You may provide a definition with
\DeclareUnicodeCharacter 


! Package inputenc Error: Unicode character ∆∞ (U+01B0)
(inputenc)                not set up for use with LaTeX.

See the inputenc package documentation for explanation.
Type  H <return>  for immediate help.
 ...                                              
                                                  
l.25 ...ƒëi·ªán'' ƒë∆∞·ª£c hi·ªÉu l√† ``hi·ªán t∆∞
                                                  ·ª£ng quang ƒëi·ªán ngo√†i...

You may provide a definition with
\DeclareUnicodeCharacter 


! Package inputenc Error: Unicode character ·ª£ (U+1EE3)
(inputenc)                not set up for use with LaTeX.

See the inputenc package documentation for explanation.
Type  H <return>  for immediate help.
 ...                                              
                                                  
l.25 ...·ªán'' ƒë∆∞·ª£c hi·ªÉu l√† ``hi·ªán t∆∞·ª£
                                                  ng quang ƒëi·ªán ngo√†i''.}
You may provide a definition with
\DeclareUnicodeCharacter 


! LaTeX Error: Command \dj unavailable in encoding OT1.

See the LaTeX manual or LaTeX Companion for explanation.
Type  H <return>  for immediate help.
 ...                                              
                                                  
l.25 ...·ª£c hi·ªÉu l√† ``hi·ªán t∆∞·ª£ng quang ƒë
                                                  i·ªán ngo√†i''.}
Your command was ignored.
Type  I <command> <return>  to replace it with another command,
or  <return>  to continue without it.


! Package inputenc Error: Unicode character ·ªá (U+1EC7)
(inputenc)                not set up for use with LaTeX.

See the inputenc package documentation for explanation.
Type  H <return>  for immediate help.
 ...                                              
                                                  
l.25 ... hi·ªÉu l√† ``hi·ªán t∆∞·ª£ng quang ƒëi·ªá
                                                  n ngo√†i''.}
You may provide a definition with
\DeclareUnicodeCharacter 

! Undefined control sequence.
l.26 \subsection
                {ƒê·ªãnh lu·∫≠t v·ªÅ gi·ªõi h·∫°n quang ƒëi·ªán}
The control sequence at the end of the top line
of your error message was never \def'ed. If you have
misspelled it (e.g., `\hobx'), type `I' and the correct
spelling (e.g., `I\hbox'). Otherwise just continue,
and I'll forget about whatever was undefined.


! LaTeX Error: Command \DJ unavailable in encoding OT1.

See the LaTeX manual or LaTeX Companion for explanation.
Type  H <return>  for immediate help.
 ...                                              
                                                  
l.26 \subsection{ƒê
                   ·ªãnh lu·∫≠t v·ªÅ gi·ªõi h·∫°n quang ƒëi·ªán}
Your command was ignored.
Type  I <command> <return>  to replace it with another command,
or  <return>  to continue without it.


! Package inputenc Error: Unicode character ·ªã (U+1ECB)
(inputenc)                not set up for use with LaTeX.

See the inputenc package documentation for explanation.
Type  H <return>  for immediate help.
 ...                                              
                                                  
l.26 \subsection{ƒê·ªã
                      nh lu·∫≠t v·ªÅ gi·ªõi h·∫°n quang ƒëi·ªán}
You may provide a definition with
\DeclareUnicodeCharacter 


! Package inputenc Error: Unicode character ·∫≠ (U+1EAD)
(inputenc)                not set up for use with LaTeX.

See the inputenc package documentation for explanation.
Type  H <return>  for immediate help.
 ...                                              
                                                  
l.26 \subsection{ƒê·ªãnh lu·∫≠
                              t v·ªÅ gi·ªõi h·∫°n quang ƒëi·ªán}
You may provide a definition with
\DeclareUnicodeCharacter 


! Package inputenc Error: Unicode character ·ªÅ (U+1EC1)
(inputenc)                not set up for use with LaTeX.

See the inputenc package documentation for explanation.
Type  H <return>  for immediate help.
 ...                                              
                                                  
l.26 \subsection{ƒê·ªãnh lu·∫≠t v·ªÅ
                                     gi·ªõi h·∫°n quang ƒëi·ªán}
You may provide a definition with
\DeclareUnicodeCharacter 


! Package inputenc Error: Unicode character ·ªõ (U+1EDB)
(inputenc)                not set up for use with LaTeX.

See the inputenc package documentation for explanation.
Type  H <return>  for immediate help.
 ...                                              
                                                  
l.26 \subsection{ƒê·ªãnh lu·∫≠t v·ªÅ gi·ªõ
                                          i h·∫°n quang ƒëi·ªán}
You may provide a definition with
\DeclareUnicodeCharacter 


! Package inputenc Error: Unicode character ·∫° (U+1EA1)
(inputenc)                not set up for use with LaTeX.

See the inputenc package documentation for explanation.
Type  H <return>  for immediate help.
 ...                                              
                                                  
l.26 \subsection{ƒê·ªãnh lu·∫≠t v·ªÅ gi·ªõi h·∫°
                                                n quang ƒëi·ªán}
You may provide a definition with
\DeclareUnicodeCharacter 


! LaTeX Error: Command \dj unavailable in encoding OT1.

See the LaTeX manual or LaTeX Companion for explanation.
Type  H <return>  for immediate help.
 ...                                              
                                                  
l.26 ...{ƒê·ªãnh lu·∫≠t v·ªÅ gi·ªõi h·∫°n quang ƒë
                                                  i·ªán}
Your command was ignored.
Type  I <command> <return>  to replace it with another command,
or  <return>  to continue without it.


! Package inputenc Error: Unicode character ·ªá (U+1EC7)
(inputenc)                not set up for use with LaTeX.

See the inputenc package documentation for explanation.
Type  H <return>  for immediate help.
 ...                                              
                                                  
l.26 ...ªãnh lu·∫≠t v·ªÅ gi·ªõi h·∫°n quang ƒëi·ªá
                                                  n}
You may provide a definition with
\DeclareUnicodeCharacter 


! LaTeX Error: Command \DJ unavailable in encoding OT1.

See the LaTeX manual or LaTeX Companion for explanation.
Type  H <return>  for immediate help.
 ...                                              
                                                  
l.27 ƒê
       ·ªëi v·ªõi m·ªói kim lo·∫°i, √°nh s√°ng k√≠ch th√≠ch ph·∫£i c√≥ b∆∞·ª...

Your command was ignored.
Type  I <command> <return>  to replace it with another command,
or  <return>  to continue without it.


! Package inputenc Error: Unicode character ·ªë (U+1ED1)
(inputenc)                not set up for use with LaTeX.

See the inputenc package documentation for explanation.
Type  H <return>  for immediate help.
 ...                                              
                                                  
l.27 ƒê·ªë
          i v·ªõi m·ªói kim lo·∫°i, √°nh s√°ng k√≠ch th√≠ch ph·∫£i c√≥ b∆∞·ª...

You may provide a definition with
\DeclareUnicodeCharacter 


! Package inputenc Error: Unicode character ·ªõ (U+1EDB)
(inputenc)                not set up for use with LaTeX.

See the inputenc package documentation for explanation.
Type  H <return>  for immediate help.
 ...                                              
                                                  
l.27 ƒê·ªëi v·ªõ
                i m·ªói kim lo·∫°i, √°nh s√°ng k√≠ch th√≠ch ph·∫£i c√≥ b∆∞·ª...

You may provide a definition with
\DeclareUnicodeCharacter 


! Package inputenc Error: Unicode character ·ªó (U+1ED7)
(inputenc)                not set up for use with LaTeX.

See the inputenc package documentation for explanation.
Type  H <return>  for immediate help.
 ...                                              
                                                  
l.27 ƒê·ªëi v·ªõi m·ªó
                      i kim lo·∫°i, √°nh s√°ng k√≠ch th√≠ch ph·∫£i c√≥ b∆∞·ª...

You may provide a definition with
\DeclareUnicodeCharacter 


! Package inputenc Error: Unicode character ·∫° (U+1EA1)
(inputenc)                not set up for use with LaTeX.

See the inputenc package documentation for explanation.
Type  H <return>  for immediate help.
 ...                                              
                                                  
l.27 ƒê·ªëi v·ªõi m·ªói kim lo·∫°
                                 i, √°nh s√°ng k√≠ch th√≠ch ph·∫£i c√≥ b∆∞·ª...

You may provide a definition with
\DeclareUnicodeCharacter 


! Package inputenc Error: Unicode character ·∫£ (U+1EA3)
(inputenc)                not set up for use with LaTeX.

See the inputenc package documentation for explanation.
Type  H <return>  for immediate help.
 ...                                              
                                                  
l.27 ... kim lo·∫°i, √°nh s√°ng k√≠ch th√≠ch ph·∫£
                                                  i c√≥ b∆∞·ªõc s√≥ng $\lamb...

You may provide a definition with
\DeclareUnicodeCharacter 


! Package inputenc Error: Unicode character ∆∞ (U+01B0)
(inputenc)                not set up for use with LaTeX.

See the inputenc package documentation for explanation.
Type  H <return>  for immediate help.
 ...                                              
                                                  
l.27 ...°i, √°nh s√°ng k√≠ch th√≠ch ph·∫£i c√≥ b∆∞
                                                  ·ªõc s√≥ng $\lambda$ nh·ªè...

You may provide a definition with
\DeclareUnicodeCharacter 


! Package inputenc Error: Unicode character ·ªõ (U+1EDB)
(inputenc)                not set up for use with LaTeX.

See the inputenc package documentation for explanation.
Type  H <return>  for immediate help.
 ...                                              
                                                  
l.27 ... √°nh s√°ng k√≠ch th√≠ch ph·∫£i c√≥ b∆∞·ªõ
                                                  c s√≥ng $\lambda$ nh·ªè h∆...

You may provide a definition with
\DeclareUnicodeCharacter 

LaTeX Font Info:    External font `cmex10' loaded for size
(Font)              <7> on input line 27.
LaTeX Font Info:    External font `cmex10' loaded for size
(Font)              <5> on input line 27.

! Package inputenc Error: Unicode character ·ªè (U+1ECF)
(inputenc)                not set up for use with LaTeX.

See the inputenc package documentation for explanation.
Type  H <return>  for immediate help.
 ...                                              
                                                  
l.27 ...h ph·∫£i c√≥ b∆∞·ªõc s√≥ng $\lambda$ nh·ªè
                                                   h∆°n ho·∫∑c b·∫±ng gi·ªõi...

You may provide a definition with
\DeclareUnicodeCharacter 


! Package inputenc Error: Unicode character ∆° (U+01A1)
(inputenc)                not set up for use with LaTeX.

See the inputenc package documentation for explanation.
Type  H <return>  for immediate help.
 ...                                              
                                                  
l.27 ...·∫£i c√≥ b∆∞·ªõc s√≥ng $\lambda$ nh·ªè h∆°
                                                  n ho·∫∑c b·∫±ng gi·ªõi h·∫...

You may provide a definition with
\DeclareUnicodeCharacter 


! Package inputenc Error: Unicode character ·∫∑ (U+1EB7)
(inputenc)                not set up for use with LaTeX.

See the inputenc package documentation for explanation.
Type  H <return>  for immediate help.
 ...                                              
                                                  
l.27 ...≥ b∆∞·ªõc s√≥ng $\lambda$ nh·ªè h∆°n ho·∫∑
                                                  c b·∫±ng gi·ªõi h·∫°n quan...

You may provide a definition with
\DeclareUnicodeCharacter 


! Package inputenc Error: Unicode character ·∫± (U+1EB1)
(inputenc)                not set up for use with LaTeX.

See the inputenc package documentation for explanation.
Type  H <return>  for immediate help.
 ...                                              
                                                  
l.27 ...ªõc s√≥ng $\lambda$ nh·ªè h∆°n ho·∫∑c b·∫±
                                                  ng gi·ªõi h·∫°n quang ƒëi·...

You may provide a definition with
\DeclareUnicodeCharacter 


! Package inputenc Error: Unicode character ·ªõ (U+1EDB)
(inputenc)                not set up for use with LaTeX.

See the inputenc package documentation for explanation.
Type  H <return>  for immediate help.
 ...                                              
                                                  
l.27 ...g $\lambda$ nh·ªè h∆°n ho·∫∑c b·∫±ng gi·ªõ
                                                  i h·∫°n quang ƒëi·ªán $\la...

You may provide a definition with
\DeclareUnicodeCharacter 


! Package inputenc Error: Unicode character ·∫° (U+1EA1)
(inputenc)                not set up for use with LaTeX.

See the inputenc package documentation for explanation.
Type  H <return>  for immediate help.
 ...                                              
                                                  
l.27 ...mbda$ nh·ªè h∆°n ho·∫∑c b·∫±ng gi·ªõi h·∫°
                                                  n quang ƒëi·ªán $\lambda_0...

You may provide a definition with
\DeclareUnicodeCharacter 


! LaTeX Error: Command \dj unavailable in encoding OT1.

See the LaTeX manual or LaTeX Companion for explanation.
Type  H <return>  for immediate help.
 ...                                              
                                                  
l.27 ...è h∆°n ho·∫∑c b·∫±ng gi·ªõi h·∫°n quang ƒë
                                                  i·ªán $\lambda_0$ c·ªßa ki...

Your command was ignored.
Type  I <command> <return>  to replace it with another command,
or  <return>  to continue without it.


! Package inputenc Error: Unicode character ·ªá (U+1EC7)
(inputenc)                not set up for use with LaTeX.

See the inputenc package documentation for explanation.
Type  H <return>  for immediate help.
 ...                                              
                                                  
l.27 ...°n ho·∫∑c b·∫±ng gi·ªõi h·∫°n quang ƒëi·ªá
                                                  n $\lambda_0$ c·ªßa kim lo...

You may provide a definition with
\DeclareUnicodeCharacter 


! Package inputenc Error: Unicode character ·ªß (U+1EE7)
(inputenc)                not set up for use with LaTeX.

See the inputenc package documentation for explanation.
Type  H <return>  for immediate help.
 ...                                              
                                                  
l.27 ...i·ªõi h·∫°n quang ƒëi·ªán $\lambda_0$ c·ªß
                                                  a kim lo·∫°i ƒë√≥, m·ªõi g...

You may provide a definition with
\DeclareUnicodeCharacter 


! Package inputenc Error: Unicode character ·∫° (U+1EA1)
(inputenc)                not set up for use with LaTeX.

See the inputenc package documentation for explanation.
Type  H <return>  for immediate help.
 ...                                              
                                                  
l.27 ... quang ƒëi·ªán $\lambda_0$ c·ªßa kim lo·∫°
                                                  i ƒë√≥, m·ªõi g√¢y ra ƒë∆∞...

You may provide a definition with
\DeclareUnicodeCharacter 


! LaTeX Error: Command \dj unavailable in encoding OT1.

See the LaTeX manual or LaTeX Companion for explanation.
Type  H <return>  for immediate help.
 ...                                              
                                                  
l.27 ...ng ƒëi·ªán $\lambda_0$ c·ªßa kim lo·∫°i ƒë
                                                  √≥, m·ªõi g√¢y ra ƒë∆∞·ª£c...

Your command was ignored.
Type  I <command> <return>  to replace it with another command,
or  <return>  to continue without it.


! Package inputenc Error: Unicode character ·ªõ (U+1EDB)
(inputenc)                not set up for use with LaTeX.

See the inputenc package documentation for explanation.
Type  H <return>  for immediate help.
 ...                                              
                                                  
l.27 ...án $\lambda_0$ c·ªßa kim lo·∫°i ƒë√≥, m·ªõ
                                                  i g√¢y ra ƒë∆∞·ª£c hi·ªán ...

You may provide a definition with
\DeclareUnicodeCharacter 


! LaTeX Error: Command \dj unavailable in encoding OT1.

See the LaTeX manual or LaTeX Companion for explanation.
Type  H <return>  for immediate help.
 ...                                              
                                                  
l.27 ...0$ c·ªßa kim lo·∫°i ƒë√≥, m·ªõi g√¢y ra ƒë
                                                  ∆∞·ª£c hi·ªán t∆∞·ª£ng qua...

Your command was ignored.
Type  I <command> <return>  to replace it with another command,
or  <return>  to continue without it.


! Package inputenc Error: Unicode character ∆∞ (U+01B0)
(inputenc)                not set up for use with LaTeX.

See the inputenc package documentation for explanation.
Type  H <return>  for immediate help.
 ...                                              
                                                  
l.27 ... c·ªßa kim lo·∫°i ƒë√≥, m·ªõi g√¢y ra ƒë∆∞
                                                  ·ª£c hi·ªán t∆∞·ª£ng quang...

You may provide a definition with
\DeclareUnicodeCharacter 


! Package inputenc Error: Unicode character ·ª£ (U+1EE3)
(inputenc)                not set up for use with LaTeX.

See the inputenc package documentation for explanation.
Type  H <return>  for immediate help.
 ...                                              
                                                  
l.27 ...ªßa kim lo·∫°i ƒë√≥, m·ªõi g√¢y ra ƒë∆∞·ª£
                                                  c hi·ªán t∆∞·ª£ng quang ƒë...

You may provide a definition with
\DeclareUnicodeCharacter 


! Package inputenc Error: Unicode character ·ªá (U+1EC7)
(inputenc)                not set up for use with LaTeX.

See the inputenc package documentation for explanation.
Type  H <return>  for immediate help.
 ...                                              
                                                  
l.27 ... lo·∫°i ƒë√≥, m·ªõi g√¢y ra ƒë∆∞·ª£c hi·ªá
                                                  n t∆∞·ª£ng quang ƒëi·ªán.
You may provide a definition with
\DeclareUnicodeCharacter 


! Package inputenc Error: Unicode character ∆∞ (U+01B0)
(inputenc)                not set up for use with LaTeX.

See the inputenc package documentation for explanation.
Type  H <return>  for immediate help.
 ...                                              
                                                  
l.27 ...°i ƒë√≥, m·ªõi g√¢y ra ƒë∆∞·ª£c hi·ªán t∆∞
                                                  ·ª£ng quang ƒëi·ªán.
You may provide a definition with
\DeclareUnicodeCharacter 


! Package inputenc Error: Unicode character ·ª£ (U+1EE3)
(inputenc)                not set up for use with LaTeX.

See the inputenc package documentation for explanation.
Type  H <return>  for immediate help.
 ...                                              
                                                  
l.27 ...ƒë√≥, m·ªõi g√¢y ra ƒë∆∞·ª£c hi·ªán t∆∞·ª£
                                                  ng quang ƒëi·ªán.
You may provide a definition with
\DeclareUnicodeCharacter 


! LaTeX Error: Command \dj unavailable in encoding OT1.

See the LaTeX manual or LaTeX Companion for explanation.
Type  H <return>  for immediate help.
 ...                                              
                                                  
l.27 ... g√¢y ra ƒë∆∞·ª£c hi·ªán t∆∞·ª£ng quang ƒë
                                                  i·ªán.
Your command was ignored.
Type  I <command> <return>  to replace it with another command,
or  <return>  to continue without it.


! Package inputenc Error: Unicode character ·ªá (U+1EC7)
(inputenc)                not set up for use with LaTeX.

See the inputenc package documentation for explanation.
Type  H <return>  for immediate help.
 ...                                              
                                                  
l.27 ...y ra ƒë∆∞·ª£c hi·ªán t∆∞·ª£ng quang ƒëi·ªá
                                                  n.
You may provide a definition with
\DeclareUnicodeCharacter 


Overfull \hbox (31.11115pt too wide) in paragraph at lines 22--28
[]\OT1/cmr/m/n/10 nh
 []


Overfull \hbox (23.88896pt too wide) in paragraph at lines 22--28
\OT1/cmr/m/n/10 ngh~^^Pa
 []


Overfull \hbox (13.88893pt too wide) in paragraph at lines 22--28
\OT1/cmr/m/n/10 hin
 []


Overfull \hbox (14.44449pt too wide) in paragraph at lines 22--28
\OT1/cmr/m/n/10 tng
 []


Overfull \hbox (26.38896pt too wide) in paragraph at lines 22--28
\OT1/cmr/m/n/10 quang
 []


Overfull \hbox (8.33336pt too wide) in paragraph at lines 22--28
\OT1/cmr/m/n/10 in
 []


Overfull \hbox (15.83337pt too wide) in paragraph at lines 22--28
\OT1/cmr/m/n/10 Hin
 []


Overfull \hbox (14.44449pt too wide) in paragraph at lines 22--28
\OT1/cmr/m/n/10 tng
 []


Overfull \hbox (16.11116pt too wide) in paragraph at lines 22--28
\OT1/cmr/m/n/10 ^^Sanh
 []


Overfull \hbox (19.50005pt too wide) in paragraph at lines 22--28
\OT1/cmr/m/n/10 s^^Sang
 []


Overfull \hbox (16.11116pt too wide) in paragraph at lines 22--28
\OT1/cmr/m/n/10 l^^Ram
 []


Overfull \hbox (9.44447pt too wide) in paragraph at lines 22--28
\OT1/cmr/m/n/10 bt
 []


Overfull \hbox (13.8889pt too wide) in paragraph at lines 22--28
\OT1/cmr/m/n/10 c^^Sac
 []


Overfull \hbox (19.44444pt too wide) in paragraph at lines 22--28
\OT1/cmr/m/n/10 elec-
 []


Overfull \hbox (18.36116pt too wide) in paragraph at lines 22--28
\OT1/cmr/m/n/10 tron
 []


Overfull \hbox (8.91669pt too wide) in paragraph at lines 22--28
\OT1/cmr/m/n/10 ra
 []


Overfull \hbox (13.61116pt too wide) in paragraph at lines 22--28
\OT1/cmr/m/n/10 khi
 []


Overfull \hbox (12.22226pt too wide) in paragraph at lines 22--28
\OT1/cmr/m/n/10 mt
 []


Overfull \hbox (16.38895pt too wide) in paragraph at lines 22--28
\OT1/cmr/m/n/10 kim
 []


Overfull \hbox (10.55559pt too wide) in paragraph at lines 22--28
\OT1/cmr/m/n/10 loi
 []


Overfull \hbox (7.7778pt too wide) in paragraph at lines 22--28
\OT1/cmr/m/n/10 gi
 []


Overfull \hbox (7.7778pt too wide) in paragraph at lines 22--28
\OT1/cmr/m/n/10 l^^Ra
 []


Overfull \hbox (13.88893pt too wide) in paragraph at lines 22--28
\OT1/cmr/m/n/10 hin
 []


Overfull \hbox (14.44449pt too wide) in paragraph at lines 22--28
\OT1/cmr/m/n/10 tng
 []


Overfull \hbox (26.38896pt too wide) in paragraph at lines 22--28
\OT1/cmr/m/n/10 quang
 []


Overfull \hbox (11.11115pt too wide) in paragraph at lines 22--28
\OT1/cmr/m/n/10 in.
 []


Overfull \hbox (20.83339pt too wide) in paragraph at lines 22--28
\OT1/cmr/m/n/10 ``Hin
 []


Overfull \hbox (14.44449pt too wide) in paragraph at lines 22--28
\OT1/cmr/m/n/10 tng
 []


Overfull \hbox (26.38896pt too wide) in paragraph at lines 22--28
\OT1/cmr/m/n/10 quang
 []


Overfull \hbox (13.33337pt too wide) in paragraph at lines 22--28
\OT1/cmr/m/n/10 in''
 []


Overfull \hbox (4.44444pt too wide) in paragraph at lines 22--28
\OT1/cmr/m/n/10 c
 []


Overfull \hbox (13.88893pt too wide) in paragraph at lines 22--28
\OT1/cmr/m/n/10 hiu
 []


Overfull \hbox (7.7778pt too wide) in paragraph at lines 22--28
\OT1/cmr/m/n/10 l^^Ra
 []


Overfull \hbox (18.88895pt too wide) in paragraph at lines 22--28
\OT1/cmr/m/n/10 ``hin
 []


Overfull \hbox (14.44449pt too wide) in paragraph at lines 22--28
\OT1/cmr/m/n/10 tng
 []


Overfull \hbox (26.38896pt too wide) in paragraph at lines 22--28
\OT1/cmr/m/n/10 quang
 []


Overfull \hbox (8.33336pt too wide) in paragraph at lines 22--28
\OT1/cmr/m/n/10 in
 []


Overfull \hbox (31.1112pt too wide) in paragraph at lines 22--28
\OT1/cmr/m/n/10 ngo^^Rai''.
 []


Overfull \hbox (11.11115pt too wide) in paragraph at lines 22--28
\OT1/cmr/m/n/10 nh
 []


Overfull \hbox (12.22226pt too wide) in paragraph at lines 22--28
\OT1/cmr/m/n/10 lut
 []


Overfull \hbox (5.2778pt too wide) in paragraph at lines 22--28
\OT1/cmr/m/n/10 v
 []


Overfull \hbox (10.55559pt too wide) in paragraph at lines 22--28
\OT1/cmr/m/n/10 gii
 []


Overfull \hbox (11.11115pt too wide) in paragraph at lines 22--28
\OT1/cmr/m/n/10 hn
 []


Overfull \hbox (26.38896pt too wide) in paragraph at lines 22--28
\OT1/cmr/m/n/10 quang
 []


Overfull \hbox (8.33336pt too wide) in paragraph at lines 22--28
\OT1/cmr/m/n/10 in
 []


Overfull \hbox (2.77779pt too wide) in paragraph at lines 22--28
\OT1/cmr/m/n/10 i
 []


Overfull \hbox (8.05559pt too wide) in paragraph at lines 22--28
\OT1/cmr/m/n/10 vi
 []


Overfull \hbox (11.11115pt too wide) in paragraph at lines 22--28
\OT1/cmr/m/n/10 mi
 []


Overfull \hbox (16.38895pt too wide) in paragraph at lines 22--28
\OT1/cmr/m/n/10 kim
 []


Overfull \hbox (13.33337pt too wide) in paragraph at lines 22--28
\OT1/cmr/m/n/10 loi,
 []


Overfull \hbox (16.11116pt too wide) in paragraph at lines 22--28
\OT1/cmr/m/n/10 ^^Sanh
 []


Overfull \hbox (19.50005pt too wide) in paragraph at lines 22--28
\OT1/cmr/m/n/10 s^^Sang
 []


Overfull \hbox (17.77782pt too wide) in paragraph at lines 22--28
\OT1/cmr/m/n/10 k^^S^^Pch
 []


Overfull \hbox (21.94449pt too wide) in paragraph at lines 22--28
\OT1/cmr/m/n/10 th^^S^^Pch
 []


Overfull \hbox (13.88893pt too wide) in paragraph at lines 22--28
\OT1/cmr/m/n/10 phi
 []


Overfull \hbox (9.44446pt too wide) in paragraph at lines 22--28
\OT1/cmr/m/n/10 c^^So
 []


Overfull \hbox (10.00002pt too wide) in paragraph at lines 22--28
\OT1/cmr/m/n/10 bc
 []


Overfull \hbox (19.50005pt too wide) in paragraph at lines 22--28
\OT1/cmr/m/n/10 s^^Song
 []


Overfull \hbox (5.83336pt too wide) in paragraph at lines 22--28
\OML/cmm/m/it/10 ^^U$
 []


Overfull \hbox (11.11115pt too wide) in paragraph at lines 22--28
\OT1/cmr/m/n/10 nh
 []


Overfull \hbox (11.11115pt too wide) in paragraph at lines 22--28
\OT1/cmr/m/n/10 hn
 []


Overfull \hbox (15.00003pt too wide) in paragraph at lines 22--28
\OT1/cmr/m/n/10 hoc
 []


Overfull \hbox (16.11116pt too wide) in paragraph at lines 22--28
\OT1/cmr/m/n/10 bng
 []


Overfull \hbox (10.55559pt too wide) in paragraph at lines 22--28
\OT1/cmr/m/n/10 gii
 []


Overfull \hbox (11.11115pt too wide) in paragraph at lines 22--28
\OT1/cmr/m/n/10 hn
 []


Overfull \hbox (26.38896pt too wide) in paragraph at lines 22--28
\OT1/cmr/m/n/10 quang
 []


Overfull \hbox (8.33336pt too wide) in paragraph at lines 22--28
\OT1/cmr/m/n/10 in
 []


Overfull \hbox (10.31949pt too wide) in paragraph at lines 22--28
\OML/cmm/m/it/10 ^^U[]$
 []


Overfull \hbox (9.44446pt too wide) in paragraph at lines 22--28
\OT1/cmr/m/n/10 ca
 []


Overfull \hbox (16.38895pt too wide) in paragraph at lines 22--28
\OT1/cmr/m/n/10 kim
 []


Overfull \hbox (10.55559pt too wide) in paragraph at lines 22--28
\OT1/cmr/m/n/10 loi
 []


Overfull \hbox (7.7778pt too wide) in paragraph at lines 22--28
\OT1/cmr/m/n/10 ^^So,
 []


Overfull \hbox (11.11115pt too wide) in paragraph at lines 22--28
\OT1/cmr/m/n/10 mi
 []


Overfull \hbox (15.27783pt too wide) in paragraph at lines 22--28
\OT1/cmr/m/n/10 g^ay
 []


Overfull \hbox (8.91669pt too wide) in paragraph at lines 22--28
\OT1/cmr/m/n/10 ra
 []


Overfull \hbox (4.44444pt too wide) in paragraph at lines 22--28
\OT1/cmr/m/n/10 c
 []


Overfull \hbox (13.88893pt too wide) in paragraph at lines 22--28
\OT1/cmr/m/n/10 hin
 []


Overfull \hbox (14.44449pt too wide) in paragraph at lines 22--28
\OT1/cmr/m/n/10 tng
 []


Overfull \hbox (26.38896pt too wide) in paragraph at lines 22--28
\OT1/cmr/m/n/10 quang
 []


Overfull \hbox (11.11115pt too wide) in paragraph at lines 22--28
\OT1/cmr/m/n/10 in. 
 []


! LaTeX Error: The font size command \normalsize is not defined:
               there is probably something wrong with the class file.

See the LaTeX manual or LaTeX Companion for explanation.
Type  H <return>  for immediate help.
 ...                                              
                                                  
l.28 \begin{equation}
                     
Your command was ignored.
Type  I <command> <return>  to replace it with another command,
or  <return>  to continue without it.

[1{c:/texlive/2021/texmf-var/fonts/map/pdftex/updmap/pdftex.map}]
Overfull \hbox (29.48607pt too wide) detected at line 30
\OML/cmm/m/it/10 ^^U \OMS/cmsy/m/n/10 ^^T \OML/cmm/m/it/10 ^^U[]
 []

! Undefined control sequence.
l.31 \luuy
          {Gi·ªõi h·∫°n quang ƒëi·ªán c·ªßa m·ªói kim lo·∫°i l√† ƒë·∫∑c tr∆∞...
The control sequence at the end of the top line
of your error message was never \def'ed. If you have
misspelled it (e.g., `\hobx'), type `I' and the correct
spelling (e.g., `I\hbox'). Otherwise just continue,
and I'll forget about whatever was undefined.


! Package inputenc Error: Unicode character ·ªõ (U+1EDB)
(inputenc)                not set up for use with LaTeX.

See the inputenc package documentation for explanation.
Type  H <return>  for immediate help.
 ...                                              
                                                  
l.31 \luuy{Gi·ªõ
                i h·∫°n quang ƒëi·ªán c·ªßa m·ªói kim lo·∫°i l√† ƒë·∫∑c tr∆∞...

You may provide a definition with
\DeclareUnicodeCharacter 


! Package inputenc Error: Unicode character ·∫° (U+1EA1)
(inputenc)                not set up for use with LaTeX.

See the inputenc package documentation for explanation.
Type  H <return>  for immediate help.
 ...                                              
                                                  
l.31 \luuy{Gi·ªõi h·∫°
                      n quang ƒëi·ªán c·ªßa m·ªói kim lo·∫°i l√† ƒë·∫∑c tr∆∞...

You may provide a definition with
\DeclareUnicodeCharacter 


! LaTeX Error: Command \dj unavailable in encoding OT1.

See the LaTeX manual or LaTeX Companion for explanation.
Type  H <return>  for immediate help.
 ...                                              
                                                  
l.31 \luuy{Gi·ªõi h·∫°n quang ƒë
                                i·ªán c·ªßa m·ªói kim lo·∫°i l√† ƒë·∫∑c tr∆∞...

Your command was ignored.
Type  I <command> <return>  to replace it with another command,
or  <return>  to continue without it.


! Package inputenc Error: Unicode character ·ªá (U+1EC7)
(inputenc)                not set up for use with LaTeX.

See the inputenc package documentation for explanation.
Type  H <return>  for immediate help.
 ...                                              
                                                  
l.31 \luuy{Gi·ªõi h·∫°n quang ƒëi·ªá
                                    n c·ªßa m·ªói kim lo·∫°i l√† ƒë·∫∑c tr∆∞...

You may provide a definition with
\DeclareUnicodeCharacter 


! Package inputenc Error: Unicode character ·ªß (U+1EE7)
(inputenc)                not set up for use with LaTeX.

See the inputenc package documentation for explanation.
Type  H <return>  for immediate help.
 ...                                              
                                                  
l.31 \luuy{Gi·ªõi h·∫°n quang ƒëi·ªán c·ªß
                                          a m·ªói kim lo·∫°i l√† ƒë·∫∑c tr∆∞...

You may provide a definition with
\DeclareUnicodeCharacter 


! Package inputenc Error: Unicode character ·ªó (U+1ED7)
(inputenc)                not set up for use with LaTeX.

See the inputenc package documentation for explanation.
Type  H <return>  for immediate help.
 ...                                              
                                                  
l.31 \luuy{Gi·ªõi h·∫°n quang ƒëi·ªán c·ªßa m·ªó
                                                i kim lo·∫°i l√† ƒë·∫∑c tr∆∞...

You may provide a definition with
\DeclareUnicodeCharacter 


! Package inputenc Error: Unicode character ·∫° (U+1EA1)
(inputenc)                not set up for use with LaTeX.

See the inputenc package documentation for explanation.
Type  H <return>  for immediate help.
 ...                                              
                                                  
l.31 ... h·∫°n quang ƒëi·ªán c·ªßa m·ªói kim lo·∫°
                                                  i l√† ƒë·∫∑c tr∆∞ng ri√™ng...

You may provide a definition with
\DeclareUnicodeCharacter 


! LaTeX Error: Command \dj unavailable in encoding OT1.

See the LaTeX manual or LaTeX Companion for explanation.
Type  H <return>  for immediate help.
 ...                                              
                                                  
l.31 ...uang ƒëi·ªán c·ªßa m·ªói kim lo·∫°i l√† ƒë
                                                  ·∫∑c tr∆∞ng ri√™ng c·ªßa k...

Your command was ignored.
Type  I <command> <return>  to replace it with another command,
or  <return>  to continue without it.


! Package inputenc Error: Unicode character ·∫∑ (U+1EB7)
(inputenc)                not set up for use with LaTeX.

See the inputenc package documentation for explanation.
Type  H <return>  for immediate help.
 ...                                              
                                                  
l.31 ...g ƒëi·ªán c·ªßa m·ªói kim lo·∫°i l√† ƒë·∫∑
                                                  c tr∆∞ng ri√™ng c·ªßa kim ...

You may provide a definition with
\DeclareUnicodeCharacter 


! Package inputenc Error: Unicode character ∆∞ (U+01B0)
(inputenc)                not set up for use with LaTeX.

See the inputenc package documentation for explanation.
Type  H <return>  for immediate help.
 ...                                              
                                                  
l.31 ...ªán c·ªßa m·ªói kim lo·∫°i l√† ƒë·∫∑c tr∆∞
                                                  ng ri√™ng c·ªßa kim lo·∫°i...

You may provide a definition with
\DeclareUnicodeCharacter 


! Package inputenc Error: Unicode character ·ªß (U+1EE7)
(inputenc)                not set up for use with LaTeX.

See the inputenc package documentation for explanation.
Type  H <return>  for immediate help.
 ...                                              
                                                  
l.31 ...i kim lo·∫°i l√† ƒë·∫∑c tr∆∞ng ri√™ng c·ªß
                                                  a kim lo·∫°i ƒë√≥.}
You may provide a definition with
\DeclareUnicodeCharacter 


! Package inputenc Error: Unicode character ·∫° (U+1EA1)
(inputenc)                not set up for use with LaTeX.

See the inputenc package documentation for explanation.
Type  H <return>  for immediate help.
 ...                                              
                                                  
l.31 ...i l√† ƒë·∫∑c tr∆∞ng ri√™ng c·ªßa kim lo·∫°
                                                  i ƒë√≥.}
You may provide a definition with
\DeclareUnicodeCharacter 


! LaTeX Error: Command \dj unavailable in encoding OT1.

See the LaTeX manual or LaTeX Companion for explanation.
Type  H <return>  for immediate help.
 ...                                              
                                                  
l.31 ...† ƒë·∫∑c tr∆∞ng ri√™ng c·ªßa kim lo·∫°i ƒë
                                                  √≥.}
Your command was ignored.
Type  I <command> <return>  to replace it with another command,
or  <return>  to continue without it.

! Undefined control sequence.
l.32 \subsection
                {L∆∞·ª£ng t·ª≠ nƒÉng l∆∞·ª£ng}
The control sequence at the end of the top line
of your error message was never \def'ed. If you have
misspelled it (e.g., `\hobx'), type `I' and the correct
spelling (e.g., `I\hbox'). Otherwise just continue,
and I'll forget about whatever was undefined.


! Package inputenc Error: Unicode character ∆∞ (U+01B0)
(inputenc)                not set up for use with LaTeX.

See the inputenc package documentation for explanation.
Type  H <return>  for immediate help.
 ...                                              
                                                  
l.32 \subsection{L∆∞
                    ·ª£ng t·ª≠ nƒÉng l∆∞·ª£ng}
You may provide a definition with
\DeclareUnicodeCharacter 


! Package inputenc Error: Unicode character ·ª£ (U+1EE3)
(inputenc)                not set up for use with LaTeX.

See the inputenc package documentation for explanation.
Type  H <return>  for immediate help.
 ...                                              
                                                  
l.32 \subsection{L∆∞·ª£
                       ng t·ª≠ nƒÉng l∆∞·ª£ng}
You may provide a definition with
\DeclareUnicodeCharacter 


! Package inputenc Error: Unicode character ·ª≠ (U+1EED)
(inputenc)                not set up for use with LaTeX.

See the inputenc package documentation for explanation.
Type  H <return>  for immediate help.
 ...                                              
                                                  
l.32 \subsection{L∆∞·ª£ng t·ª≠
                               nƒÉng l∆∞·ª£ng}
You may provide a definition with
\DeclareUnicodeCharacter 


! Package inputenc Error: Unicode character ∆∞ (U+01B0)
(inputenc)                not set up for use with LaTeX.

See the inputenc package documentation for explanation.
Type  H <return>  for immediate help.
 ...                                              
                                                  
l.32 \subsection{L∆∞·ª£ng t·ª≠ nƒÉng l∆∞
                                        ·ª£ng}
You may provide a definition with
\DeclareUnicodeCharacter 


! Package inputenc Error: Unicode character ·ª£ (U+1EE3)
(inputenc)                not set up for use with LaTeX.

See the inputenc package documentation for explanation.
Type  H <return>  for immediate help.
 ...                                              
                                                  
l.32 \subsection{L∆∞·ª£ng t·ª≠ nƒÉng l∆∞·ª£
                                           ng}
You may provide a definition with
\DeclareUnicodeCharacter 

! Undefined control sequence.
l.33 \subsubsection
                   {Gi·∫£ thuy·∫øt Planck v·ªÅ l∆∞·ª£ng t·ª≠ nƒÉng l∆∞·ª£ng}
The control sequence at the end of the top line
of your error message was never \def'ed. If you have
misspelled it (e.g., `\hobx'), type `I' and the correct
spelling (e.g., `I\hbox'). Otherwise just continue,
and I'll forget about whatever was undefined.


! Package inputenc Error: Unicode character ·∫£ (U+1EA3)
(inputenc)                not set up for use with LaTeX.

See the inputenc package documentation for explanation.
Type  H <return>  for immediate help.
 ...                                              
                                                  
l.33 \subsubsection{Gi·∫£
                          thuy·∫øt Planck v·ªÅ l∆∞·ª£ng t·ª≠ nƒÉng l∆∞·ª£ng}
You may provide a definition with
\DeclareUnicodeCharacter 


! Package inputenc Error: Unicode character ·∫ø (U+1EBF)
(inputenc)                not set up for use with LaTeX.

See the inputenc package documentation for explanation.
Type  H <return>  for immediate help.
 ...                                              
                                                  
l.33 \subsubsection{Gi·∫£ thuy·∫ø
                                 t Planck v·ªÅ l∆∞·ª£ng t·ª≠ nƒÉng l∆∞·ª£ng}
You may provide a definition with
\DeclareUnicodeCharacter 


! Package inputenc Error: Unicode character ·ªÅ (U+1EC1)
(inputenc)                not set up for use with LaTeX.

See the inputenc package documentation for explanation.
Type  H <return>  for immediate help.
 ...                                              
                                                  
l.33 \subsubsection{Gi·∫£ thuy·∫øt Planck v·ªÅ
                                               l∆∞·ª£ng t·ª≠ nƒÉng l∆∞·ª£ng}
You may provide a definition with
\DeclareUnicodeCharacter 


! Package inputenc Error: Unicode character ∆∞ (U+01B0)
(inputenc)                not set up for use with LaTeX.

See the inputenc package documentation for explanation.
Type  H <return>  for immediate help.
 ...                                              
                                                  
l.33 \subsubsection{Gi·∫£ thuy·∫øt Planck v·ªÅ l∆∞
                                                  ·ª£ng t·ª≠ nƒÉng l∆∞·ª£ng}
You may provide a definition with
\DeclareUnicodeCharacter 


! Package inputenc Error: Unicode character ·ª£ (U+1EE3)
(inputenc)                not set up for use with LaTeX.

See the inputenc package documentation for explanation.
Type  H <return>  for immediate help.
 ...                                              
                                                  
l.33 ...bsection{Gi·∫£ thuy·∫øt Planck v·ªÅ l∆∞·ª£
                                                  ng t·ª≠ nƒÉng l∆∞·ª£ng}
(That makes 100 errors; please try again.) 
Here is how much of TeX's memory you used:
 63 strings out of 478994
 1002 string characters out of 5862206
 288409 words of memory out of 5000000
 17644 multiletter control sequences out of 15000+600000
 404029 words of font info for 29 fonts, out of 8000000 for 9000
 1141 hyphenation exceptions out of 8191
 22i,5n,18p,271b,230s stack positions out of 5000i,500n,10000p,200000b,80000s

!  ==> Fatal error occurred, no output PDF file produced!
